  
  C:\Users\Arturo\documents\visual studio 2015\Projects\fls\fls>"C:\Program Files\NVIDIA GPU Computing Toolkit\CUDA\v8.0\bin\nvcc.exe" -ccbin "C:\Program Files (x86)\Microsoft Visual Studio 14.0\VC\bin\x86_amd64"  -I"C:\Program Files\NVIDIA Corporation\NvToolsExt\\include" -I"C:\Program Files\NVIDIA GPU Computing Toolkit\CUDA\v8.0\include" -I"C:\Program Files\NVIDIA GPU Computing Toolkit\CUDA\v8.0\include"  -G   --keep-dir x64\Debug -maxrregcount=0  --machine 64 --compile   -g   -DWIN32 -DWIN64 -D_DEBUG -D_CONSOLE -D_MBCS -Xcompiler "/EHsc /W3 /nologo /Od /FS /Zi /RTC1 /MDd " -o x64\Debug\test2.cu.obj "C:\Users\Arturo\OneDrive\Documentos\Catedras\UTM\Research\FLS\Programs\test2.cu" -clean 
CUDACOMPILE : nvcc warning : The 'compute_20', 'sm_20', and 'sm_21' architectures are deprecated, and may be removed in a future release (Use -Wno-deprecated-gpu-targets to suppress warning).
  test2.cu
  Compiling CUDA source file ..\..\..\..\..\OneDrive\Documentos\Catedras\UTM\Research\FLS\Programs\test2.cu...
  
  C:\Users\Arturo\documents\visual studio 2015\Projects\fls\fls>"C:\Program Files\NVIDIA GPU Computing Toolkit\CUDA\v8.0\bin\nvcc.exe" -gencode=arch=compute_20,code=\"sm_20,compute_20\" --use-local-env --cl-version 2015 -ccbin "C:\Program Files (x86)\Microsoft Visual Studio 14.0\VC\bin\x86_amd64"  -I"C:\Program Files\NVIDIA Corporation\NvToolsExt\\include" -I"C:\Program Files\NVIDIA GPU Computing Toolkit\CUDA\v8.0\include" -I"C:\Program Files\NVIDIA GPU Computing Toolkit\CUDA\v8.0\include"  -G   --keep-dir x64\Debug -maxrregcount=0  --machine 64 --compile -cudart static  -g   -DWIN32 -DWIN64 -D_DEBUG -D_CONSOLE -D_MBCS -Xcompiler "/EHsc /W3 /nologo /Od /FS /Zi /RTC1 /MDd " -o x64\Debug\test2.cu.obj "C:\Users\Arturo\OneDrive\Documentos\Catedras\UTM\Research\FLS\Programs\test2.cu" 
c:\users\arturo\onedrive\documentos\catedras\utm\research\fls\programs\v1_1\flsFriends.cuh(65): warning : pointless comparison of unsigned integer with zero
C:\Users\Arturo\OneDrive\Documentos\Catedras\UTM\Research\FLS\Programs\v1_1\fls.cuh(1619): warning : pointless comparison of unsigned integer with zero
C:/Users/Arturo/OneDrive/Documentos/Catedras/UTM/Research/FLS/Programs/test2.cu(13): warning : variable "t14" was declared but never referenced
C:/Users/Arturo/OneDrive/Documentos/Catedras/UTM/Research/FLS/Programs/test2.cu(13): warning : variable "t17" was declared but never referenced
c:\users\arturo\onedrive\documentos\catedras\utm\research\fls\programs\v1_1\flsFriends.cuh(65): warning : pointless comparison of unsigned integer with zero
C:\Users\Arturo\OneDrive\Documentos\Catedras\UTM\Research\FLS\Programs\v1_1\fls.cuh(1619): warning : pointless comparison of unsigned integer with zero
C:/Users/Arturo/OneDrive/Documentos/Catedras/UTM/Research/FLS/Programs/test2.cu(13): warning : variable "t14" was declared but never referenced
C:/Users/Arturo/OneDrive/Documentos/Catedras/UTM/Research/FLS/Programs/test2.cu(13): warning : variable "t17" was declared but never referenced
CUDACOMPILE : nvcc warning : The 'compute_20', 'sm_20', and 'sm_21' architectures are deprecated, and may be removed in a future release (Use -Wno-deprecated-gpu-targets to suppress warning).
  test2.cu
c:\users\arturo\onedrive\documentos\catedras\utm\research\fls\programs\v1_1\fs.cuh(63): warning C4267: '=': conversión de 'size_t' a 'unsigned int'; posible pérdida de datos
c:\users\arturo\onedrive\documentos\catedras\utm\research\fls\programs\v1_1\fs.cuh(1283): warning C4244: '=': conversión de 'float' a 'unsigned int'; posible pérdida de datos
c:\users\arturo\onedrive\documentos\catedras\utm\research\fls\programs\v1_1\fs.cuh(2431): warning C4244: '=': conversión de 'int' a 'float'; posible pérdida de datos
C:\Users\Arturo\OneDrive\Documentos\Catedras\UTM\Research\FLS\Programs\v1_1\fls.cuh(636): warning C4244: 'inicializando': conversión de 'float' a 'unsigned int'; posible pérdida de datos
C:\Users\Arturo\OneDrive\Documentos\Catedras\UTM\Research\FLS\Programs\v1_1\fls.cuh(655): warning C4244: 'inicializando': conversión de 'float' a 'unsigned int'; posible pérdida de datos
C:\Users\Arturo\OneDrive\Documentos\Catedras\UTM\Research\FLS\Programs\v1_1\fls.cuh(813): warning C4267: '+=': conversión de 'size_t' a 'unsigned int'; posible pérdida de datos
C:\Users\Arturo\OneDrive\Documentos\Catedras\UTM\Research\FLS\Programs\v1_1\fls.cuh(1037): warning C4267: 'inicializando': conversión de 'size_t' a 'unsigned int'; posible pérdida de datos
C:\Users\Arturo\OneDrive\Documentos\Catedras\UTM\Research\FLS\Programs\v1_1\fls.cuh(1038): warning C4267: 'inicializando': conversión de 'size_t' a 'unsigned int'; posible pérdida de datos
C:\Users\Arturo\OneDrive\Documentos\Catedras\UTM\Research\FLS\Programs\v1_1\fls.cuh(1081): warning C4267: 'inicializando': conversión de 'size_t' a 'unsigned int'; posible pérdida de datos
C:\Users\Arturo\OneDrive\Documentos\Catedras\UTM\Research\FLS\Programs\v1_1\fls.cuh(1092): warning C4267: 'inicializando': conversión de 'size_t' a 'unsigned int'; posible pérdida de datos
C:\Users\Arturo\OneDrive\Documentos\Catedras\UTM\Research\FLS\Programs\v1_1\fls.cuh(1152): warning C4267: 'argumento': conversión de 'size_t' a 'const unsigned int'; posible pérdida de datos
C:\Users\Arturo\OneDrive\Documentos\Catedras\UTM\Research\FLS\Programs\v1_1\fls.cuh(1185): warning C4018: '<': no coinciden signed/unsigned
C:\Users\Arturo\OneDrive\Documentos\Catedras\UTM\Research\FLS\Programs\v1_1\fls.cuh(1896): warning C4267: 'inicializando': conversión de 'size_t' a 'unsigned int'; posible pérdida de datos
C:\Users\Arturo\OneDrive\Documentos\Catedras\UTM\Research\FLS\Programs\v1_1\fls.cuh(1900): warning C4267: '=': conversión de 'size_t' a 'unsigned int'; posible pérdida de datos
C:\Users\Arturo\OneDrive\Documentos\Catedras\UTM\Research\FLS\Programs\v1_1\fls.cuh(1903): warning C4267: '=': conversión de 'size_t' a 'unsigned int'; posible pérdida de datos
C:\Users\Arturo\OneDrive\Documentos\Catedras\UTM\Research\FLS\Programs\v1_1\fls.cuh(1919): warning C4267: '=': conversión de 'size_t' a 'unsigned int'; posible pérdida de datos
C:\Users\Arturo\OneDrive\Documentos\Catedras\UTM\Research\FLS\Programs\v1_1\fls.cuh(1922): warning C4267: '=': conversión de 'size_t' a 'unsigned int'; posible pérdida de datos
C:\Users\Arturo\OneDrive\Documentos\Catedras\UTM\Research\FLS\Programs\v1_1\fls.cuh(1939): warning C4267: '=': conversión de 'size_t' a 'unsigned int'; posible pérdida de datos
C:\Users\Arturo\OneDrive\Documentos\Catedras\UTM\Research\FLS\Programs\v1_1\fls.cuh(1942): warning C4267: '=': conversión de 'size_t' a 'unsigned int'; posible pérdida de datos
C:/Users/Arturo/OneDrive/Documentos/Catedras/UTM/Research/FLS/Programs/test2.cu(13): warning C4101: 't14': variable local sin referencia
C:/Users/Arturo/OneDrive/Documentos/Catedras/UTM/Research/FLS/Programs/test2.cu(13): warning C4101: 't17': variable local sin referencia
  fls.vcxproj -> C:\Users\Arturo\documents\visual studio 2015\Projects\fls\x64\Debug\fls.exe
  fls.vcxproj -> C:\Users\Arturo\documents\visual studio 2015\Projects\fls\x64\Debug\fls.pdb (Full PDB)
  copy "C:\Program Files\NVIDIA GPU Computing Toolkit\CUDA\v8.0\bin\cudart*.dll" "C:\Users\Arturo\documents\visual studio 2015\Projects\fls\x64\Debug\"
  C:\Program Files\NVIDIA GPU Computing Toolkit\CUDA\v8.0\bin\cudart32_80.dll
  C:\Program Files\NVIDIA GPU Computing Toolkit\CUDA\v8.0\bin\cudart64_80.dll
          2 archivo(s) copiado(s).
